0 info it worked if it ends with ok
1 verbose cli [ 'E:\\Programs\\nodejs\\node.exe',
1 verbose cli   'E:\\Programs\\nodejs\\node_modules\\npm\\bin\\npm-cli.js',
1 verbose cli   'start' ]
2 info using npm@3.10.10
3 info using node@v5.12.0
4 verbose run-script [ 'prestart', 'start', 'poststart' ]
5 info lifecycle vladimir-smirnov-1@1.0.0~prestart: vladimir-smirnov-1@1.0.0
6 silly lifecycle vladimir-smirnov-1@1.0.0~prestart: no script for prestart, continuing
7 info lifecycle vladimir-smirnov-1@1.0.0~start: vladimir-smirnov-1@1.0.0
8 verbose lifecycle vladimir-smirnov-1@1.0.0~start: unsafe-perm in lifecycle true
9 verbose lifecycle vladimir-smirnov-1@1.0.0~start: PATH: E:\Programs\nodejs\node_modules\npm\bin\node-gyp-bin;E:\Work\MentoringReactJS\Task1\node_modules\.bin;C:\ProgramData\Oracle\Java\javapath;C:\WINDOWS\system32;C:\WINDOWS;C:\WINDOWS\System32\Wbem;C:\WINDOWS\System32\WindowsPowerShell\v1.0\;C:\Program Files\TortoiseSVN\bin;C:\Program Files\TortoiseGit\bin;c:\Program Files\groovy\bin\;c:\Program Files\maven\bin\;C:\Program Files\Git\cmd;c:\Work\BLAN-CUST\bow\tools\;E:\Programs\nodejs\;C:\Program Files (x86)\Skype\Phone\;C:\Programs\Windows Kits\10\Windows Performance Toolkit\;C:\Users\Vladimir_Smirnov\AppData\Local\Microsoft\WindowsApps;c:\HOME\apps\grails\grails-2.5.4\bin\;C:\Users\Vladimir_Smirnov\AppData\Roaming\npm;C:\Users\Vladimir_Smirnov\AppData\Local\nvs\;C:\Users\Vladimir_Smirnov\AppData\Local\Programs\Fiddler;C:\Programs\Microsoft VS Code\bin
10 verbose lifecycle vladimir-smirnov-1@1.0.0~start: CWD: E:\Work\MentoringReactJS\Task1
11 silly lifecycle vladimir-smirnov-1@1.0.0~start: Args: [ '/d /s /c', 'babel-node server.js' ]
12 silly lifecycle vladimir-smirnov-1@1.0.0~start: Returned: code: 1  signal: null
13 info lifecycle vladimir-smirnov-1@1.0.0~start: Failed to exec start script
14 verbose stack Error: vladimir-smirnov-1@1.0.0 start: `babel-node server.js`
14 verbose stack Exit status 1
14 verbose stack     at EventEmitter.<anonymous> (E:\Programs\nodejs\node_modules\npm\lib\utils\lifecycle.js:255:16)
14 verbose stack     at emitTwo (events.js:100:13)
14 verbose stack     at EventEmitter.emit (events.js:185:7)
14 verbose stack     at ChildProcess.<anonymous> (E:\Programs\nodejs\node_modules\npm\lib\utils\spawn.js:40:14)
14 verbose stack     at emitTwo (events.js:100:13)
14 verbose stack     at ChildProcess.emit (events.js:185:7)
14 verbose stack     at maybeClose (internal/child_process.js:850:16)
14 verbose stack     at Process.ChildProcess._handle.onexit (internal/child_process.js:215:5)
15 verbose pkgid vladimir-smirnov-1@1.0.0
16 verbose cwd E:\Work\MentoringReactJS\Task1
17 error Windows_NT 10.0.14393
18 error argv "E:\\Programs\\nodejs\\node.exe" "E:\\Programs\\nodejs\\node_modules\\npm\\bin\\npm-cli.js" "start"
19 error node v5.12.0
20 error npm  v3.10.10
21 error code ELIFECYCLE
22 error vladimir-smirnov-1@1.0.0 start: `babel-node server.js`
22 error Exit status 1
23 error Failed at the vladimir-smirnov-1@1.0.0 start script 'babel-node server.js'.
23 error Make sure you have the latest version of node.js and npm installed.
23 error If you do, this is most likely a problem with the vladimir-smirnov-1 package,
23 error not with npm itself.
23 error Tell the author that this fails on your system:
23 error     babel-node server.js
23 error You can get information on how to open an issue for this project with:
23 error     npm bugs vladimir-smirnov-1
23 error Or if that isn't available, you can get their info via:
23 error     npm owner ls vladimir-smirnov-1
23 error There is likely additional logging output above.
24 verbose exit [ 1, true ]
